[INFO] Scanning for projects...
[INFO] 
[INFO] ----------------< com.portfolio:portfolio-performance >-----------------
[INFO] Building portfolio-performance 1.0.0
[INFO]   from pom.xml
[INFO] --------------------------------[ jar ]---------------------------------
[INFO] 
[INFO] >>> spring-boot:3.2.5:run (default-cli) > test-compile @ portfolio-performance >>>
[INFO] 
[INFO] --- resources:3.3.1:resources (default-resources) @ portfolio-performance ---
[INFO] Copying 1 resource from src\main\resources to target\classes
[INFO] Copying 0 resource from src\main\resources to target\classes
[INFO] 
[INFO] --- compiler:3.11.0:compile (default-compile) @ portfolio-performance ---
[INFO] Nothing to compile - all classes are up to date
[INFO] 
[INFO] --- resources:3.3.1:testResources (default-testResources) @ portfolio-performance ---
[INFO] skip non existing resourceDirectory E:\Assignments\portfolio-performance\src\test\resources
[INFO] 
[INFO] --- compiler:3.11.0:testCompile (default-testCompile) @ portfolio-performance ---
[INFO] Nothing to compile - all classes are up to date
[INFO] 
[INFO] <<< spring-boot:3.2.5:run (default-cli) < test-compile @ portfolio-performance <<<
[INFO] 
[INFO] 
[INFO] --- spring-boot:3.2.5:run (default-cli) @ portfolio-performance ---
[INFO] Attaching agents: []

  .   ____          _            __ _ _
 /\\ / ___'_ __ _ _(_)_ __  __ _ \ \ \ \
( ( )\___ | '_ | '_| | '_ \/ _` | \ \ \ \
 \\/  ___)| |_)| | | | | || (_| |  ) ) ) )
  '  |____| .__|_| |_|_| |_\__, | / / / /
 =========|_|==============|___/=/_/_/_/
 :: Spring Boot ::                (v3.2.5)

2026-06-29T19:22:33.732+05:30  INFO 7344 --- [portfolio-performance] [           main] c.p.p.PortfolioPerformanceApplication    : Starting PortfolioPerformanceApplication using Java 21.0.10 with PID 7344 (E:\Assignments\portfolio-performance\target\classes started by Sarathkumar Ravi in E:\Assignments\portfolio-performance)
2026-06-29T19:22:33.735+05:30  INFO 7344 --- [portfolio-performance] [           main] c.p.p.PortfolioPerformanceApplication    : No active profile set, falling back to 1 default profile: "default"
2026-06-29T19:22:34.118+05:30  INFO 7344 --- [portfolio-performance] [           main] .s.d.r.c.RepositoryConfigurationDelegate : Bootstrapping Spring Data JPA repositories in DEFAULT mode.
2026-06-29T19:22:34.152+05:30  INFO 7344 --- [portfolio-performance] [           main] .s.d.r.c.RepositoryConfigurationDelegate : Finished Spring Data repository scanning in 29 ms. Found 1 JPA repository interface.
2026-06-29T19:22:34.480+05:30  INFO 7344 --- [portfolio-performance] [           main] o.s.b.w.embedded.tomcat.TomcatWebServer  : Tomcat initialized with port 8080 (http)
2026-06-29T19:22:34.480+05:30  INFO 7344 --- [portfolio-performance] [           main] o.apache.catalina.core.StandardService   : Starting service [Tomcat]
2026-06-29T19:22:34.480+05:30  INFO 7344 --- [portfolio-performance] [           main] o.apache.catalina.core.StandardEngine    : Starting Servlet engine: [Apache Tomcat/10.1.20]
2026-06-29T19:22:34.522+05:30  INFO 7344 --- [portfolio-performance] [           main] o.a.c.c.C.[Tomcat].[localhost].[/]       : Initializing Spring embedded WebApplicationContext
2026-06-29T19:22:34.522+05:30  INFO 7344 --- [portfolio-performance] [           main] w.s.c.ServletWebServerApplicationContext : Root WebApplicationContext: initialization completed in 766 ms
2026-06-29T19:22:34.544+05:30  INFO 7344 --- [portfolio-performance] [           main] com.zaxxer.hikari.HikariDataSource       : HikariPool-1 - Starting...
2026-06-29T19:22:34.642+05:30  INFO 7344 --- [portfolio-performance] [           main] com.zaxxer.hikari.pool.HikariPool        : HikariPool-1 - Added connection conn0: url=jdbc:h2:mem:portfoliodb user=SA
2026-06-29T19:22:34.644+05:30  INFO 7344 --- [portfolio-performance] [           main] com.zaxxer.hikari.HikariDataSource       : HikariPool-1 - Start completed.
2026-06-29T19:22:34.649+05:30  INFO 7344 --- [portfolio-performance] [           main] o.s.b.a.h2.H2ConsoleAutoConfiguration    : H2 console available at '/h2-console'. Database available at 'jdbc:h2:mem:portfoliodb'
2026-06-29T19:22:34.713+05:30  INFO 7344 --- [portfolio-performance] [           main] o.hibernate.jpa.internal.util.LogHelper  : HHH000204: Processing PersistenceUnitInfo [name: default]
2026-06-29T19:22:34.741+05:30  INFO 7344 --- [portfolio-performance] [           main] org.hibernate.Version                    : HHH000412: Hibernate ORM core version 6.4.4.Final
2026-06-29T19:22:34.757+05:30  INFO 7344 --- [portfolio-performance] [           main] o.h.c.internal.RegionFactoryInitiator    : HHH000026: Second-level cache disabled
2026-06-29T19:22:34.875+05:30  INFO 7344 --- [portfolio-performance] [           main] o.s.o.j.p.SpringPersistenceUnitInfo      : No LoadTimeWeaver setup: ignoring JPA class transformer
2026-06-29T19:22:35.371+05:30  INFO 7344 --- [portfolio-performance] [           main] o.h.e.t.j.p.i.JtaPlatformInitiator       : HHH000489: No JTA platform available (set 'hibernate.transaction.jta.platform' to enable JTA platform integration)
2026-06-29T19:22:35.387+05:30  INFO 7344 --- [portfolio-performance] [           main] j.LocalContainerEntityManagerFactoryBean : Initialized JPA EntityManagerFactory for persistence unit 'default'
2026-06-29T19:22:35.552+05:30  WARN 7344 --- [portfolio-performance] [           main] JpaBaseConfiguration$JpaWebConfiguration : spring.jpa.open-in-view is enabled by default. Therefore, database queries may be performed during view rendering. Explicitly configure spring.jpa.open-in-view to disable this warning
2026-06-29T19:22:35.753+05:30  WARN 7344 --- [portfolio-performance] [           main] ConfigServletWebServerApplicationContext : Exception encountered during context initialization - cancelling refresh attempt: org.springframework.context.ApplicationContextException: Failed to start bean 'webServerStartStop'
2026-06-29T19:22:35.753+05:30  INFO 7344 --- [portfolio-performance] [           main] j.LocalContainerEntityManagerFactoryBean : Closing JPA EntityManagerFactory for persistence unit 'default'
2026-06-29T19:22:35.753+05:30  INFO 7344 --- [portfolio-performance] [           main] com.zaxxer.hikari.HikariDataSource       : HikariPool-1 - Shutdown initiated...
2026-06-29T19:22:35.753+05:30  INFO 7344 --- [portfolio-performance] [           main] com.zaxxer.hikari.HikariDataSource       : HikariPool-1 - Shutdown completed.
2026-06-29T19:22:35.772+05:30  INFO 7344 --- [portfolio-performance] [           main] .s.b.a.l.ConditionEvaluationReportLogger : 

Error starting ApplicationContext. To display the condition evaluation report re-run your application with 'debug' enabled.
2026-06-29T19:22:35.782+05:30 ERROR 7344 --- [portfolio-performance] [           main] o.s.b.d.LoggingFailureAnalysisReporter   : 

***************************
APPLICATION FAILED TO START
***************************

Description:

Web server failed to start. Port 8080 was already in use.

Action:

Identify and stop the process that's listening on port 8080 or configure this application to listen on another port.

[INFO] ------------------------------------------------------------------------
[INFO] BUILD FAILURE
[INFO] ------------------------------------------------------------------------
[INFO] Total time:  8.420 s
[INFO] Finished at: 2026-06-29T19:22:35+05:30
[INFO] ------------------------------------------------------------------------
[ERROR] Failed to execute goal org.springframework.boot:spring-boot-maven-plugin:3.2.5:run (default-cli) on project portfolio-performance: Process terminated with exit code: 1 -> [Help 1]
[ERROR] 
[ERROR] To see the full stack trace of the errors, re-run Maven with the -e switch.
[ERROR] Re-run Maven using the -X switch to enable full debug logging.
[ERROR] 
[ERROR] For more information about the errors and possible solutions, please read the following articles:
[ERROR] [Help 1] http://cwiki.apache.org/confluence/display/MAVEN/MojoExecutionException
